0 info it worked if it ends with ok
1 verbose cli [ '/Users/dylantran/.nvm/versions/node/v6.1.0/bin/node',
1 verbose cli   '/Users/dylantran/.nvm/versions/node/v6.1.0/bin/npm',
1 verbose cli   'run',
1 verbose cli   'pool' ]
2 info using npm@3.8.6
3 info using node@v6.1.0
4 verbose run-script [ 'prepool', 'pool', 'postpool' ]
5 info lifecycle bcoin-test@1.0.0~prepool: bcoin-test@1.0.0
6 silly lifecycle bcoin-test@1.0.0~prepool: no script for prepool, continuing
7 info lifecycle bcoin-test@1.0.0~pool: bcoin-test@1.0.0
8 verbose lifecycle bcoin-test@1.0.0~pool: unsafe-perm in lifecycle true
9 verbose lifecycle bcoin-test@1.0.0~pool: PATH: /Users/dylantran/.nvm/versions/node/v6.1.0/lib/node_modules/npm/bin/node-gyp-bin:/Users/dylantran/bcoin-test/node_modules/.bin:/Users/dylantran/.nvm/versions/node/v6.1.0/bin:/Users/dylantran/.nvm/versions/node/v6.1.0/bin:/usr/local/bin:/usr/local/bin:/usr/bin:/bin:/usr/sbin:/sbin:/opt/X11/bin
10 verbose lifecycle bcoin-test@1.0.0~pool: CWD: /Users/dylantran/bcoin-test
11 silly lifecycle bcoin-test@1.0.0~pool: Args: [ '-c', 'babel-node ./connect-to-pools.js' ]
12 silly lifecycle bcoin-test@1.0.0~pool: Returned: code: 1  signal: null
13 info lifecycle bcoin-test@1.0.0~pool: Failed to exec pool script
14 verbose stack Error: bcoin-test@1.0.0 pool: `babel-node ./connect-to-pools.js`
14 verbose stack Exit status 1
14 verbose stack     at EventEmitter.<anonymous> (/Users/dylantran/.nvm/versions/node/v6.1.0/lib/node_modules/npm/lib/utils/lifecycle.js:239:16)
14 verbose stack     at emitTwo (events.js:106:13)
14 verbose stack     at EventEmitter.emit (events.js:191:7)
14 verbose stack     at ChildProcess.<anonymous> (/Users/dylantran/.nvm/versions/node/v6.1.0/lib/node_modules/npm/lib/utils/spawn.js:24:14)
14 verbose stack     at emitTwo (events.js:106:13)
14 verbose stack     at ChildProcess.emit (events.js:191:7)
14 verbose stack     at maybeClose (internal/child_process.js:850:16)
14 verbose stack     at Process.ChildProcess._handle.onexit (internal/child_process.js:215:5)
15 verbose pkgid bcoin-test@1.0.0
16 verbose cwd /Users/dylantran/bcoin-test
17 error Darwin 16.6.0
18 error argv "/Users/dylantran/.nvm/versions/node/v6.1.0/bin/node" "/Users/dylantran/.nvm/versions/node/v6.1.0/bin/npm" "run" "pool"
19 error node v6.1.0
20 error npm  v3.8.6
21 error code ELIFECYCLE
22 error bcoin-test@1.0.0 pool: `babel-node ./connect-to-pools.js`
22 error Exit status 1
23 error Failed at the bcoin-test@1.0.0 pool script 'babel-node ./connect-to-pools.js'.
23 error Make sure you have the latest version of node.js and npm installed.
23 error If you do, this is most likely a problem with the bcoin-test package,
23 error not with npm itself.
23 error Tell the author that this fails on your system:
23 error     babel-node ./connect-to-pools.js
23 error You can get information on how to open an issue for this project with:
23 error     npm bugs bcoin-test
23 error Or if that isn't available, you can get their info via:
23 error     npm owner ls bcoin-test
23 error There is likely additional logging output above.
24 verbose exit [ 1, true ]
